[debug] [2017-07-27T11:57:22.456Z] ----------------------------------------------------------------------
[debug] [2017-07-27T11:57:22.458Z] Command:      /home/jkruse/.nvm/versions/node/v6.11.1/bin/node /home/jkruse/.nvm/versions/node/v6.11.1/bin/firebase serve
[debug] [2017-07-27T11:57:22.458Z] CLI Version:  3.9.1
[debug] [2017-07-27T11:57:22.458Z] Platform:     linux
[debug] [2017-07-27T11:57:22.458Z] Node Version: v6.11.1
[debug] [2017-07-27T11:57:22.458Z] Time:         Thu Jul 27 2017 06:57:22 GMT-0500 (CDT)
[debug] [2017-07-27T11:57:22.459Z] ----------------------------------------------------------------------
[debug] 
[debug] [2017-07-27T11:57:22.470Z] > command requires scopes: ["email","openid","https://www.googleapis.com/auth/cloudplatformprojects.readonly","https://www.googleapis.com/auth/firebase","https://www.googleapis.com/auth/cloud-platform"]
[debug] [2017-07-27T11:57:22.470Z] > authorizing via signed-in user
[debug] [2017-07-27T11:57:22.472Z] > refreshing access token with scopes: ["email","https://www.googleapis.com/auth/cloud-platform","https://www.googleapis.com/auth/cloudplatformprojects.readonly","https://www.googleapis.com/auth/firebase","openid"]
[debug] [2017-07-27T11:57:22.472Z] >>> HTTP REQUEST POST https://www.googleapis.com/oauth2/v3/token { refresh_token: '1/kSFqTo3wGg3tTU6V4lOuJx298x3NzeEEp-tc-qj9wz4',
  client_id: '563584335869-fgrhgmd47bqnekij5i8b5pr03ho849e6.apps.googleusercontent.com',
  client_secret: 'j9iVZfS8kkCEFUPaAeJV0sAi',
  grant_type: 'refresh_token',
  scope: 'email https://www.googleapis.com/auth/cloud-platform https://www.googleapis.com/auth/cloudplatformprojects.readonly https://www.googleapis.com/auth/firebase openid' } 
 Thu Jul 27 2017 06:57:22 GMT-0500 (CDT)
[debug] [2017-07-27T11:57:22.754Z] <<< HTTP RESPONSE 200
[debug] [2017-07-27T11:57:22.762Z] >>> HTTP REQUEST GET https://admin.firebase.com/v1/projects/flosports-test  
 Thu Jul 27 2017 06:57:22 GMT-0500 (CDT)
[debug] [2017-07-27T11:57:23.688Z] <<< HTTP RESPONSE 200
[debug] [2017-07-27T11:57:23.690Z] >>> HTTP REQUEST GET https://admin.firebase.com/v1/database/flosports-test/tokens  
 Thu Jul 27 2017 06:57:23 GMT-0500 (CDT)
[debug] [2017-07-27T11:57:24.356Z] <<< HTTP RESPONSE 200
[info] 
[info] === Serving from '/home/jkruse/workspace/flosports-test'...
[info] 
[debug] [2017-07-27T11:57:24.367Z] >>> HTTP REQUEST GET https://cloudresourcemanager.googleapis.com/v1/projects/flosports-test  
 Thu Jul 27 2017 06:57:24 GMT-0500 (CDT)
[debug] [2017-07-27T11:57:24.785Z] <<< HTTP RESPONSE 200
[debug] [2017-07-27T11:57:24.786Z] >>> HTTP REQUEST GET https://mobilesdk-pa.googleapis.com/v1/projects/1031896257072/clients/_:getWebAppConfig  
 Thu Jul 27 2017 06:57:24 GMT-0500 (CDT)
[debug] [2017-07-27T11:57:25.634Z] <<< HTTP RESPONSE 200
[info] i  hosting: Serving hosting files from: /
[info] ✔  hosting: Local server: http://localhost:5000

